[debug] [2021-08-19T15:19:22.078Z] ----------------------------------------------------------------------
[debug] [2021-08-19T15:19:22.080Z] Command:       D:\nodejs\node.exe C:\Users\Bruno\AppData\Roaming\npm\node_modules\firebase-tools\lib\bin\firebase.js init
[debug] [2021-08-19T15:19:22.080Z] CLI Version:   9.16.0
[debug] [2021-08-19T15:19:22.080Z] Platform:      win32
[debug] [2021-08-19T15:19:22.080Z] Node Version:  v14.17.3
[debug] [2021-08-19T15:19:22.081Z] Time:          Thu Aug 19 2021 15:19:22 GMT+0000 (Coordinated Universal Time)
[debug] [2021-08-19T15:19:22.081Z] ----------------------------------------------------------------------
[debug] 
[debug] [2021-08-19T15:19:22.083Z] >>> [apiv2][query] GET https://firebase-public.firebaseio.com/cli.json [none]
[debug] [2021-08-19T15:19:22.104Z] > command requires scopes: ["email","openid","https://www.googleapis.com/auth/cloudplatformprojects.readonly","https://www.googleapis.com/auth/firebase","https://www.googleapis.com/auth/cloud-platform"]
[debug] [2021-08-19T15:19:22.104Z] > authorizing via signed-in user (brunolustro@gmail.com)
[info] 
     ######## #### ########  ######## ########     ###     ######  ########
     ##        ##  ##     ## ##       ##     ##  ##   ##  ##       ##
     ######    ##  ########  ######   ########  #########  ######  ######
     ##        ##  ##    ##  ##       ##     ## ##     ##       ## ##
     ##       #### ##     ## ######## ########  ##     ##  ######  ########

You're about to initialize a Firebase project in this directory:

  D:\netflix-clone

[debug] [2021-08-19T15:19:22.472Z] <<< [apiv2][status] GET https://firebase-public.firebaseio.com/cli.json 200
[debug] [2021-08-19T15:19:22.472Z] <<< [apiv2][body] GET https://firebase-public.firebaseio.com/cli.json {"cloudBuildErrorAfter":1594252800000,"cloudBuildWarnAfter":1590019200000,"defaultNode10After":1594252800000,"minVersion":"3.0.5","node8DeploysDisabledAfter":1613390400000,"node8RuntimeDisabledAfter":1615809600000,"node8WarnAfter":1600128000000}
